2026-06-05 22:24:23,705 [harness.server] INFO: Embedded participant 'KAgent' (4401986384) subscribed to 'trainee'
2026-06-05 22:24:23,708 [harness.server] INFO: Embedded participant 'Trainer' (4402529040) subscribed to 'trainer'
2026-06-05 22:24:23,714 [websockets.server] INFO: server listening on [::1]:8765
2026-06-05 22:24:23,714 [websockets.server] INFO: server listening on 127.0.0.1:8765
2026-06-05 22:24:23,714 [harness.server] INFO: WebSocket server listening on localhost:8765
2026-06-05 22:24:23,902 [websockets.server] ERROR: opening handshake failed
Traceback (most recent call last):
  File "/Users/phil/dev/ai/kalvin/.venv/lib/python3.10/site-packages/websockets/http11.py", line 138, in parse
    request_line = yield from parse_line(read_line)
  File "/Users/phil/dev/ai/kalvin/.venv/lib/python3.10/site-packages/websockets/http11.py", line 320, in parse_line
    line = yield from read_line(MAX_LINE_LENGTH)
  File "/Users/phil/dev/ai/kalvin/.venv/lib/python3.10/site-packages/websockets/streams.py", line 46, in read_line
    raise EOFError(f"stream ends after {p} bytes, before end of line")
EOFError: stream ends after 0 bytes, before end of line

The above exception was the direct cause of the following exception:

Traceback (most recent call last):
  File "/Users/phil/dev/ai/kalvin/.venv/lib/python3.10/site-packages/websockets/server.py", line 547, in parse
    request = yield from Request.parse(
  File "/Users/phil/dev/ai/kalvin/.venv/lib/python3.10/site-packages/websockets/http11.py", line 140, in parse
    raise EOFError("connection closed while reading HTTP request line") from exc
EOFError: connection closed while reading HTTP request line

The above exception was the direct cause of the following exception:

Traceback (most recent call last):
  File "/Users/phil/dev/ai/kalvin/.venv/lib/python3.10/site-packages/websockets/asyncio/server.py", line 356, in conn_handler
    await connection.handshake(
  File "/Users/phil/dev/ai/kalvin/.venv/lib/python3.10/site-packages/websockets/asyncio/server.py", line 207, in handshake
    raise self.protocol.handshake_exc
websockets.exceptions.InvalidMessage: did not receive a valid HTTP request
2026-06-05 22:24:26,032 [websockets.server] INFO: connection open
2026-06-05 22:24:26,032 [harness.protocol] INFO: Client registered: supervisor
2026-06-05 22:24:27,359 [trainer.trainer] INFO: Session started — 5 lessons, curriculum: curricula/first-steps-s2.md
2026-06-05 22:24:27,359 [trainer.trainer] INFO: Submitting lesson 1 (1/5)
2026-06-05 22:24:27,359 [trainer.trainer] INFO: Compiled 1 entries for lesson 1
2026-06-05 22:24:27,359 [harness.adapter] INFO: Submitting 1 compiled entries to KAgent
2026-06-05 22:24:27,359 [trainer.trainer] INFO: FRAME M → 0.00
2026-06-05 22:24:27,359 [trainer.reactor] INFO: Auto-countersign: proposal matched expectation
2026-06-05 22:24:27,359 [trainer.trainer] INFO: Lesson 1 complete — entries: 1/1 satisfied, 1/5 lessons done
2026-06-05 22:24:27,360 [trainer.trainer] INFO: Submitting lesson 2 (2/5)
2026-06-05 22:24:27,360 [trainer.trainer] INFO: Compiled 1 entries for lesson 2
2026-06-05 22:24:27,360 [harness.adapter] INFO: Countersign: KLine(sig=0x2000, nodes=[], lit=False)
2026-06-05 22:24:27,360 [harness.adapter] INFO: Submitting 1 compiled entries to KAgent
2026-06-05 22:24:27,360 [trainer.trainer] INFO: FRAME H → 0.00
2026-06-05 22:24:27,360 [trainer.reactor] INFO: Auto-countersign: proposal matched expectation
2026-06-05 22:24:27,360 [trainer.trainer] INFO: Lesson 2 complete — entries: 2/2 satisfied, 2/5 lessons done
2026-06-05 22:24:27,360 [trainer.trainer] INFO: Submitting lesson 3 (3/5)
2026-06-05 22:24:27,360 [trainer.trainer] INFO: Compiled 2 entries for lesson 3
2026-06-05 22:24:27,360 [harness.adapter] INFO: Countersign: KLine(sig=0x100, nodes=[], lit=False)
2026-06-05 22:24:27,361 [harness.adapter] INFO: Submitting 2 compiled entries to KAgent
2026-06-05 22:24:27,361 [trainer.trainer] INFO: FRAME H > M → S1 (fast path) ← H > M
2026-06-05 22:24:27,361 [trainer.trainer] INFO: FRAME M > H → 1.00 | proposal: H => M H
2026-06-05 22:24:27,361 [trainer.reactor] WARNING: Cogitation produced no scaffolding — escalating
2026-06-05 22:24:27,362 [trainer.reactor] ERROR: Escalation: low_confidence 
2026-06-05 22:24:27,362 [trainer.trainer] INFO: Lesson 3 complete — entries: 3/4 satisfied, 3/5 lessons done
2026-06-05 22:24:27,362 [trainer.trainer] INFO: Submitting lesson 4 (4/5)
2026-06-05 22:24:27,362 [trainer.trainer] INFO: Compiled 1 entries for lesson 4
2026-06-05 22:24:27,362 [trainer.trainer] INFO: FRAME M > H → 1.00
2026-06-05 22:24:27,362 [trainer.reactor] WARNING: Cogitation produced no scaffolding — escalating
2026-06-05 22:24:27,362 [trainer.reactor] ERROR: Escalation: low_confidence 
2026-06-05 22:24:27,362 [trainer.trainer] INFO: Lesson 4 complete — entries: 3/5 satisfied, 4/5 lessons done
2026-06-05 22:24:27,362 [trainer.trainer] INFO: Submitting lesson 5 (5/5)
2026-06-05 22:24:27,362 [trainer.trainer] INFO: Compiled 5 entries for lesson 5
2026-06-05 22:24:27,362 [trainer.trainer] INFO: FRAME M > H → 1.00 | proposal: M => M
2026-06-05 22:24:27,362 [trainer.reactor] WARNING: Cogitation produced no scaffolding — escalating
2026-06-05 22:24:27,362 [trainer.reactor] ERROR: Escalation: low_confidence 
2026-06-05 22:24:27,362 [trainer.trainer] INFO: FRAME M > H → 1.00
2026-06-05 22:24:27,363 [trainer.trainer] INFO: FRAME M > H → 1.00 | proposal: M => M
2026-06-05 22:24:27,363 [trainer.reactor] WARNING: Cogitation produced no scaffolding — escalating
2026-06-05 22:24:27,363 [trainer.reactor] ERROR: Escalation: low_confidence 
2026-06-05 22:24:27,363 [trainer.trainer] INFO: FRAME M > H → 1.00 | proposal: H => M H
2026-06-05 22:24:27,363 [trainer.reactor] WARNING: Cogitation produced no scaffolding — escalating
2026-06-05 22:24:27,363 [trainer.reactor] ERROR: Escalation: low_confidence 
2026-06-05 22:24:27,363 [trainer.trainer] INFO: FRAME M > H → 1.00 | proposal: M => M
2026-06-05 22:24:27,363 [trainer.reactor] WARNING: Cogitation produced no scaffolding — escalating
2026-06-05 22:24:27,363 [trainer.reactor] ERROR: Escalation: low_confidence 
2026-06-05 22:24:27,363 [trainer.trainer] INFO: Lesson 5 complete — entries: 3/7 satisfied, 5/5 lessons done
2026-06-05 22:24:27,363 [trainer.trainer] INFO: Curriculum complete — all lessons submitted
2026-06-05 22:24:27,364 [harness.adapter] INFO: Submitting 1 compiled entries to KAgent
2026-06-05 22:24:27,364 [harness.adapter] INFO: Submitting 5 compiled entries to KAgent
2026-06-05 22:25:02,976 [harness.protocol] INFO: Client disconnected: supervisor
2026-06-05 22:25:03,049 [websockets.server] INFO: server closing
2026-06-05 22:25:03,049 [websockets.server] INFO: server closed
2026-06-05 22:25:03,049 [harness.server] INFO: WebSocket server stopped
2026-06-05 22:25:03,050 [harness.server] INFO: Harness server stop requested
2026-06-05 22:25:03,050 [__main__] INFO: Trainer state persisted
